2017-11-30 09:45:30 WARN  org.hibernate.engine.jdbc.spi.SqlExceptionHelper [main] - SQL Error: 1064, SQLState: 42000 - location: org.hibernate.engine.jdbc.spi.SqlExceptionHelper 129 logExceptions 
2017-11-30 09:45:30 ERROR org.hibernate.engine.jdbc.spi.SqlExceptionHelper [main] - You have an error in your SQL syntax; check the manual that corresponds to your MySQL server version for the right syntax to use near 'sum( count(*) ) count from sv_provider_product p  join sv_provider pr on p.provi' at line 1 - location: org.hibernate.engine.jdbc.spi.SqlExceptionHelper 131 logExceptions 
2017-11-30 09:46:55 WARN  org.hibernate.engine.jdbc.spi.SqlExceptionHelper [main] - SQL Error: 1064, SQLState: 42000 - location: org.hibernate.engine.jdbc.spi.SqlExceptionHelper 129 logExceptions 
2017-11-30 09:46:55 ERROR org.hibernate.engine.jdbc.spi.SqlExceptionHelper [main] - You have an error in your SQL syntax; check the manual that corresponds to your MySQL server version for the right syntax to use near ' count(*)  count from sv_provider_product p  join sv_provider pr on p.provider_i' at line 1 - location: org.hibernate.engine.jdbc.spi.SqlExceptionHelper 131 logExceptions 
2017-11-30 10:49:22 WARN  org.hibernate.engine.jdbc.spi.SqlExceptionHelper [main] - SQL Error: 1064, SQLState: 42000 - location: org.hibernate.engine.jdbc.spi.SqlExceptionHelper 129 logExceptions 
2017-11-30 10:49:22 ERROR org.hibernate.engine.jdbc.spi.SqlExceptionHelper [main] - You have an error in your SQL syntax; check the manual that corresponds to your MySQL server version for the right syntax to use near ' count(*)  counts from sv_provider_product p  join sv_provider pr on p.provider_' at line 1 - location: org.hibernate.engine.jdbc.spi.SqlExceptionHelper 131 logExceptions 
2017-11-30 11:07:35 WARN  org.hibernate.engine.jdbc.spi.SqlExceptionHelper [main] - SQL Error: 1064, SQLState: 42000 - location: org.hibernate.engine.jdbc.spi.SqlExceptionHelper 129 logExceptions 
2017-11-30 11:07:35 ERROR org.hibernate.engine.jdbc.spi.SqlExceptionHelper [main] - You have an error in your SQL syntax; check the manual that corresponds to your MySQL server version for the right syntax to use near ' count(*)  counts from sv_provider_product p  join sv_provider pr on p.provider_' at line 1 - location: org.hibernate.engine.jdbc.spi.SqlExceptionHelper 131 logExceptions 
2017-11-30 11:13:27 WARN  org.hibernate.engine.jdbc.spi.SqlExceptionHelper [main] - SQL Error: 1064, SQLState: 42000 - location: org.hibernate.engine.jdbc.spi.SqlExceptionHelper 129 logExceptions 
2017-11-30 11:13:27 ERROR org.hibernate.engine.jdbc.spi.SqlExceptionHelper [main] - You have an error in your SQL syntax; check the manual that corresponds to your MySQL server version for the right syntax to use near ' count(*)  counts from sv_provider_product p  join sv_provider pr on p.provider_' at line 1 - location: org.hibernate.engine.jdbc.spi.SqlExceptionHelper 131 logExceptions 
2017-11-30 11:33:01 WARN  org.hibernate.engine.jdbc.spi.SqlExceptionHelper [main] - SQL Error: 1064, SQLState: 42000 - location: org.hibernate.engine.jdbc.spi.SqlExceptionHelper 129 logExceptions 
2017-11-30 11:33:01 ERROR org.hibernate.engine.jdbc.spi.SqlExceptionHelper [main] - You have an error in your SQL syntax; check the manual that corresponds to your MySQL server version for the right syntax to use near 'from sv_provider_product p  join sv_provider pr on p.provider_id = pr.id  join s' at line 1 - location: org.hibernate.engine.jdbc.spi.SqlExceptionHelper 131 logExceptions 
2017-11-30 11:34:49 WARN  org.hibernate.engine.jdbc.spi.SqlExceptionHelper [main] - SQL Error: 1064, SQLState: 42000 - location: org.hibernate.engine.jdbc.spi.SqlExceptionHelper 129 logExceptions 
2017-11-30 11:34:49 ERROR org.hibernate.engine.jdbc.spi.SqlExceptionHelper [main] - You have an error in your SQL syntax; check the manual that corresponds to your MySQL server version for the right syntax to use near 'from sv_provider_product p  join sv_provider pr on p.provider_id = pr.id  join s' at line 1 - location: org.hibernate.engine.jdbc.spi.SqlExceptionHelper 131 logExceptions 
2017-11-30 11:35:58 WARN  org.hibernate.engine.jdbc.spi.SqlExceptionHelper [main] - SQL Error: 1064, SQLState: 42000 - location: org.hibernate.engine.jdbc.spi.SqlExceptionHelper 129 logExceptions 
2017-11-30 11:35:58 ERROR org.hibernate.engine.jdbc.spi.SqlExceptionHelper [main] - You have an error in your SQL syntax; check the manual that corresponds to your MySQL server version for the right syntax to use near 'from sv_provider_product p  join sv_provider pr on p.provider_id = pr.id  join s' at line 1 - location: org.hibernate.engine.jdbc.spi.SqlExceptionHelper 131 logExceptions 
2017-11-30 14:03:35 WARN  org.hibernate.engine.jdbc.spi.SqlExceptionHelper [main] - SQL Error: 0, SQLState: 08S01 - location: org.hibernate.engine.jdbc.spi.SqlExceptionHelper 129 logExceptions 
2017-11-30 14:03:35 ERROR org.hibernate.engine.jdbc.spi.SqlExceptionHelper [main] - Communications link failure

The last packet successfully received from the server was 8,841,029 milliseconds ago.  The last packet sent successfully to the server was 8,841,045 milliseconds ago. - location: org.hibernate.engine.jdbc.spi.SqlExceptionHelper 131 logExceptions 
2017-11-30 14:03:35 WARN  com.mchange.v2.c3p0.impl.NewPooledConnection [main] - [c3p0] A PooledConnection that has already signalled a Connection error is still in use! - location: com.mchange.v2.log.slf4j.Slf4jMLog$Slf4jMLogger$WarnLogger 220 log 
2017-11-30 14:03:35 WARN  com.mchange.v2.c3p0.impl.NewPooledConnection [main] - [c3p0] Another error has occurred [ com.mysql.jdbc.exceptions.jdbc4.MySQLNonTransientConnectionException: No operations allowed after statement closed. ] which will not be reported to listeners! com.mysql.jdbc.exceptions.jdbc4.MySQLNonTransientConnectionException: No operations allowed after statement closed.
	at sun.reflect.NativeConstructorAccessorImpl.newInstance0(Native Method) ~[?:1.8.0_91]
	at sun.reflect.NativeConstructorAccessorImpl.newInstance(NativeConstructorAccessorImpl.java:62) ~[?:1.8.0_91]
	at sun.reflect.DelegatingConstructorAccessorImpl.newInstance(DelegatingConstructorAccessorImpl.java:45) ~[?:1.8.0_91]
	at java.lang.reflect.Constructor.newInstance(Constructor.java:423) ~[?:1.8.0_91]
	at com.mysql.jdbc.Util.handleNewInstance(Util.java:377) ~[mysql-connector-java-5.1.33.jar:5.1.33]
	at com.mysql.jdbc.Util.getInstance(Util.java:360) ~[mysql-connector-java-5.1.33.jar:5.1.33]
	at com.mysql.jdbc.SQLError.createSQLException(SQLError.java:956) ~[mysql-connector-java-5.1.33.jar:5.1.33]
	at com.mysql.jdbc.SQLError.createSQLException(SQLError.java:935) ~[mysql-connector-java-5.1.33.jar:5.1.33]
	at com.mysql.jdbc.SQLError.createSQLException(SQLError.java:924) ~[mysql-connector-java-5.1.33.jar:5.1.33]
	at com.mysql.jdbc.SQLError.createSQLException(SQLError.java:870) ~[mysql-connector-java-5.1.33.jar:5.1.33]
	at com.mysql.jdbc.StatementImpl.checkClosed(StatementImpl.java:445) ~[mysql-connector-java-5.1.33.jar:5.1.33]
	at com.mysql.jdbc.StatementImpl.getMaxRows(StatementImpl.java:1994) ~[mysql-connector-java-5.1.33.jar:5.1.33]
	at com.mchange.v2.c3p0.impl.NewProxyPreparedStatement.getMaxRows(NewProxyPreparedStatement.java:2045) [c3p0-0.9.5.2.jar:0.9.5.2]
	at org.hibernate.resource.jdbc.internal.ResourceRegistryStandardImpl.close(ResourceRegistryStandardImpl.java:154) [hibernate-core-5.2.11.Final.jar:5.2.11.Final]
	at org.hibernate.resource.jdbc.internal.ResourceRegistryStandardImpl.release(ResourceRegistryStandardImpl.java:82) [hibernate-core-5.2.11.Final.jar:5.2.11.Final]
	at org.hibernate.loader.Loader.getResultSet(Loader.java:2183) [hibernate-core-5.2.11.Final.jar:5.2.11.Final]
	at org.hibernate.loader.Loader.executeQueryStatement(Loader.java:1941) [hibernate-core-5.2.11.Final.jar:5.2.11.Final]
	at org.hibernate.loader.Loader.executeQueryStatement(Loader.java:1903) [hibernate-core-5.2.11.Final.jar:5.2.11.Final]
	at org.hibernate.loader.Loader.doQuery(Loader.java:948) [hibernate-core-5.2.11.Final.jar:5.2.11.Final]
	at org.hibernate.loader.Loader.doQueryAndInitializeNonLazyCollections(Loader.java:351) [hibernate-core-5.2.11.Final.jar:5.2.11.Final]
	at org.hibernate.loader.Loader.doList(Loader.java:2702) [hibernate-core-5.2.11.Final.jar:5.2.11.Final]
	at org.hibernate.loader.Loader.doList(Loader.java:2685) [hibernate-core-5.2.11.Final.jar:5.2.11.Final]
	at org.hibernate.loader.Loader.listIgnoreQueryCache(Loader.java:2517) [hibernate-core-5.2.11.Final.jar:5.2.11.Final]
	at org.hibernate.loader.Loader.list(Loader.java:2512) [hibernate-core-5.2.11.Final.jar:5.2.11.Final]
	at org.hibernate.loader.custom.CustomLoader.list(CustomLoader.java:335) [hibernate-core-5.2.11.Final.jar:5.2.11.Final]
	at org.hibernate.internal.SessionImpl.listCustomQuery(SessionImpl.java:2162) [hibernate-core-5.2.11.Final.jar:5.2.11.Final]
	at org.hibernate.internal.AbstractSharedSessionContract.list(AbstractSharedSessionContract.java:1011) [hibernate-core-5.2.11.Final.jar:5.2.11.Final]
	at org.hibernate.query.internal.NativeQueryImpl.doList(NativeQueryImpl.java:152) [hibernate-core-5.2.11.Final.jar:5.2.11.Final]
	at org.hibernate.query.internal.AbstractProducedQuery.list(AbstractProducedQuery.java:1414) [hibernate-core-5.2.11.Final.jar:5.2.11.Final]
	at com.sunesoft.titan.hibernate.repository.GenericHibernateFinder.queryForObjects(GenericHibernateFinder.java:173) [titan-hibernate-support-1.0-SNAPSHOT.jar:?]
	at com.sunesoft.titan.hibernate.repository.GenericHibernateFinder.queryForObjects(GenericHibernateFinder.java:159) [titan-hibernate-support-1.0-SNAPSHOT.jar:?]
	at com.sunesoft.titan.voucher.application.querys.impl.StatisticQueryServiceImpl.serviceEvaluateStatistics(StatisticQueryServiceImpl.java:125) [classes/:?]
	at com.sunesoft.titan.voucher.application.querys.impl.StatisticQueryServiceImpl$$FastClassBySpringCGLIB$$8af3c894.invoke(<generated>) [classes/:?]
	at org.springframework.cglib.proxy.MethodProxy.invoke(MethodProxy.java:204) [spring-core-4.3.9.RELEASE.jar:4.3.9.RELEASE]
	at org.springframework.aop.framework.CglibAopProxy$CglibMethodInvocation.invokeJoinpoint(CglibAopProxy.java:738) [spring-aop-4.3.9.RELEASE.jar:4.3.9.RELEASE]
	at org.springframework.aop.framework.ReflectiveMethodInvocation.proceed(ReflectiveMethodInvocation.java:157) [spring-aop-4.3.9.RELEASE.jar:4.3.9.RELEASE]
	at org.springframework.transaction.interceptor.TransactionInterceptor$1.proceedWithInvocation(TransactionInterceptor.java:99) [spring-tx-4.3.9.RELEASE.jar:4.3.9.RELEASE]
	at org.springframework.transaction.interceptor.TransactionAspectSupport.invokeWithinTransaction(TransactionAspectSupport.java:282) [spring-tx-4.3.9.RELEASE.jar:4.3.9.RELEASE]
	at org.springframework.transaction.interceptor.TransactionInterceptor.invoke(TransactionInterceptor.java:96) [spring-tx-4.3.9.RELEASE.jar:4.3.9.RELEASE]
	at org.springframework.aop.framework.ReflectiveMethodInvocation.proceed(ReflectiveMethodInvocation.java:179) [spring-aop-4.3.9.RELEASE.jar:4.3.9.RELEASE]
	at org.springframework.aop.interceptor.ExposeInvocationInterceptor.invoke(ExposeInvocationInterceptor.java:92) [spring-aop-4.3.9.RELEASE.jar:4.3.9.RELEASE]
	at org.springframework.aop.framework.ReflectiveMethodInvocation.proceed(ReflectiveMethodInvocation.java:179) [spring-aop-4.3.9.RELEASE.jar:4.3.9.RELEASE]
	at org.springframework.aop.framework.CglibAopProxy$DynamicAdvisedInterceptor.intercept(CglibAopProxy.java:673) [spring-aop-4.3.9.RELEASE.jar:4.3.9.RELEASE]
	at com.sunesoft.titan.voucher.application.querys.impl.StatisticQueryServiceImpl$$EnhancerBySpringCGLIB$$d35acf09.serviceEvaluateStatistics(<generated>) [classes/:?]
	at com.sunesoft.titan.voucher.application.querys.CompanyQueryServiceTest.query(CompanyQueryServiceTest.java:37) [test-classes/:?]
	at sun.reflect.NativeMethodAccessorImpl.invoke0(Native Method) ~[?:1.8.0_91]
	at sun.reflect.NativeMethodAccessorImpl.invoke(NativeMethodAccessorImpl.java:62) ~[?:1.8.0_91]
	at sun.reflect.DelegatingMethodAccessorImpl.invoke(DelegatingMethodAccessorImpl.java:43) ~[?:1.8.0_91]
	at java.lang.reflect.Method.invoke(Method.java:498) ~[?:1.8.0_91]
	at org.junit.runners.model.FrameworkMethod$1.runReflectiveCall(FrameworkMethod.java:50) [junit-4.12.jar:4.12]
	at org.junit.internal.runners.model.ReflectiveCallable.run(ReflectiveCallable.java:12) [junit-4.12.jar:4.12]
	at org.junit.runners.model.FrameworkMethod.invokeExplosively(FrameworkMethod.java:47) [junit-4.12.jar:4.12]
	at org.junit.internal.runners.statements.InvokeMethod.evaluate(InvokeMethod.java:17) [junit-4.12.jar:4.12]
	at org.springframework.test.context.junit4.statements.RunBeforeTestMethodCallbacks.evaluate(RunBeforeTestMethodCallbacks.java:75) [spring-test-4.3.9.RELEASE.jar:4.3.9.RELEASE]
	at org.springframework.test.context.junit4.statements.RunAfterTestMethodCallbacks.evaluate(RunAfterTestMethodCallbacks.java:86) [spring-test-4.3.9.RELEASE.jar:4.3.9.RELEASE]
	at org.springframework.test.context.junit4.statements.SpringRepeat.evaluate(SpringRepeat.java:84) [spring-test-4.3.9.RELEASE.jar:4.3.9.RELEASE]
	at org.junit.runners.ParentRunner.runLeaf(ParentRunner.java:325) [junit-4.12.jar:4.12]
	at org.springframework.test.context.junit4.SpringJUnit4ClassRunner.runChild(SpringJUnit4ClassRunner.java:252) [spring-test-4.3.9.RELEASE.jar:4.3.9.RELEASE]
	at org.springframework.test.context.junit4.SpringJUnit4ClassRunner.runChild(SpringJUnit4ClassRunner.java:94) [spring-test-4.3.9.RELEASE.jar:4.3.9.RELEASE]
	at org.junit.runners.ParentRunner$3.run(ParentRunner.java:290) [junit-4.12.jar:4.12]
	at org.junit.runners.ParentRunner$1.schedule(ParentRunner.java:71) [junit-4.12.jar:4.12]
	at org.junit.runners.ParentRunner.runChildren(ParentRunner.java:288) [junit-4.12.jar:4.12]
	at org.junit.runners.ParentRunner.access$000(ParentRunner.java:58) [junit-4.12.jar:4.12]
	at org.junit.runners.ParentRunner$2.evaluate(ParentRunner.java:268) [junit-4.12.jar:4.12]
	at org.springframework.test.context.junit4.statements.RunBeforeTestClassCallbacks.evaluate(RunBeforeTestClassCallbacks.java:61) [spring-test-4.3.9.RELEASE.jar:4.3.9.RELEASE]
	at org.springframework.test.context.junit4.statements.RunAfterTestClassCallbacks.evaluate(RunAfterTestClassCallbacks.java:70) [spring-test-4.3.9.RELEASE.jar:4.3.9.RELEASE]
	at org.junit.runners.ParentRunner.run(ParentRunner.java:363) [junit-4.12.jar:4.12]
	at org.springframework.test.context.junit4.SpringJUnit4ClassRunner.run(SpringJUnit4ClassRunner.java:191) [spring-test-4.3.9.RELEASE.jar:4.3.9.RELEASE]
	at org.junit.runner.JUnitCore.run(JUnitCore.java:137) [junit-4.12.jar:4.12]
	at com.intellij.junit4.JUnit4IdeaTestRunner.startRunnerWithArgs(JUnit4IdeaTestRunner.java:68) [junit-rt.jar:?]
	at com.intellij.rt.execution.junit.IdeaTestRunner$Repeater.startRunnerWithArgs(IdeaTestRunner.java:47) [junit-rt.jar:?]
	at com.intellij.rt.execution.junit.JUnitStarter.prepareStreamsAndStart(JUnitStarter.java:242) [junit-rt.jar:?]
	at com.intellij.rt.execution.junit.JUnitStarter.main(JUnitStarter.java:70) [junit-rt.jar:?]
 - location: com.mchange.v2.log.slf4j.Slf4jMLog$Slf4jMLogger$WarnLogger 223 log 
2017-11-30 14:03:35 WARN  com.mchange.v2.c3p0.impl.NewPooledConnection [main] - [c3p0] A PooledConnection that has already signalled a Connection error is still in use! - location: com.mchange.v2.log.slf4j.Slf4jMLog$Slf4jMLogger$WarnLogger 220 log 
2017-11-30 14:03:35 WARN  com.mchange.v2.c3p0.impl.NewPooledConnection [main] - [c3p0] Another error has occurred [ com.mysql.jdbc.exceptions.jdbc4.MySQLNonTransientConnectionException: No operations allowed after connection closed. ] which will not be reported to listeners! com.mysql.jdbc.exceptions.jdbc4.MySQLNonTransientConnectionException: No operations allowed after connection closed.
	at sun.reflect.NativeConstructorAccessorImpl.newInstance0(Native Method) ~[?:1.8.0_91]
	at sun.reflect.NativeConstructorAccessorImpl.newInstance(NativeConstructorAccessorImpl.java:62) ~[?:1.8.0_91]
	at sun.reflect.DelegatingConstructorAccessorImpl.newInstance(DelegatingConstructorAccessorImpl.java:45) ~[?:1.8.0_91]
	at java.lang.reflect.Constructor.newInstance(Constructor.java:423) ~[?:1.8.0_91]
	at com.mysql.jdbc.Util.handleNewInstance(Util.java:377) ~[mysql-connector-java-5.1.33.jar:5.1.33]
	at com.mysql.jdbc.Util.getInstance(Util.java:360) ~[mysql-connector-java-5.1.33.jar:5.1.33]
	at com.mysql.jdbc.SQLError.createSQLException(SQLError.java:956) ~[mysql-connector-java-5.1.33.jar:5.1.33]
	at com.mysql.jdbc.SQLError.createSQLException(SQLError.java:935) ~[mysql-connector-java-5.1.33.jar:5.1.33]
	at com.mysql.jdbc.SQLError.createSQLException(SQLError.java:924) ~[mysql-connector-java-5.1.33.jar:5.1.33]
	at com.mysql.jdbc.SQLError.createSQLException(SQLError.java:870) ~[mysql-connector-java-5.1.33.jar:5.1.33]
	at com.mysql.jdbc.ConnectionImpl.throwConnectionClosedException(ConnectionImpl.java:1232) ~[mysql-connector-java-5.1.33.jar:5.1.33]
	at com.mysql.jdbc.ConnectionImpl.checkClosed(ConnectionImpl.java:1225) ~[mysql-connector-java-5.1.33.jar:5.1.33]
	at com.mysql.jdbc.ConnectionImpl.rollback(ConnectionImpl.java:4564) ~[mysql-connector-java-5.1.33.jar:5.1.33]
	at com.mchange.v2.c3p0.impl.NewProxyConnection.rollback(NewProxyConnection.java:1033) [c3p0-0.9.5.2.jar:0.9.5.2]
	at sun.reflect.NativeMethodAccessorImpl.invoke0(Native Method) ~[?:1.8.0_91]
	at sun.reflect.NativeMethodAccessorImpl.invoke(NativeMethodAccessorImpl.java:62) ~[?:1.8.0_91]
	at sun.reflect.DelegatingMethodAccessorImpl.invoke(DelegatingMethodAccessorImpl.java:43) ~[?:1.8.0_91]
	at java.lang.reflect.Method.invoke(Method.java:498) ~[?:1.8.0_91]
	at org.springframework.jdbc.datasource.TransactionAwareDataSourceProxy$TransactionAwareInvocationHandler.invoke(TransactionAwareDataSourceProxy.java:240) [spring-jdbc-4.3.9.RELEASE.jar:4.3.9.RELEASE]
	at com.sun.proxy.$Proxy34.rollback(Unknown Source) [?:?]
	at org.hibernate.resource.jdbc.internal.AbstractLogicalConnectionImplementor.rollback(AbstractLogicalConnectionImplementor.java:116) [hibernate-core-5.2.11.Final.jar:5.2.11.Final]
	at org.hibernate.resource.transaction.backend.jdbc.internal.JdbcResourceLocalTransactionCoordinatorImpl$TransactionDriverControlImpl.rollback(JdbcResourceLocalTransactionCoordinatorImpl.java:250) [hibernate-core-5.2.11.Final.jar:5.2.11.Final]
	at org.hibernate.engine.transaction.internal.TransactionImpl.rollback(TransactionImpl.java:100) [hibernate-core-5.2.11.Final.jar:5.2.11.Final]
	at org.springframework.orm.hibernate5.HibernateTransactionManager.doRollback(HibernateTransactionManager.java:608) [spring-orm-4.3.9.RELEASE.jar:4.3.9.RELEASE]
	at org.springframework.transaction.support.AbstractPlatformTransactionManager.processRollback(AbstractPlatformTransactionManager.java:853) [spring-tx-4.3.9.RELEASE.jar:4.3.9.RELEASE]
	at org.springframework.transaction.support.AbstractPlatformTransactionManager.rollback(AbstractPlatformTransactionManager.java:830) [spring-tx-4.3.9.RELEASE.jar:4.3.9.RELEASE]
	at org.springframework.transaction.interceptor.TransactionAspectSupport.completeTransactionAfterThrowing(TransactionAspectSupport.java:522) [spring-tx-4.3.9.RELEASE.jar:4.3.9.RELEASE]
	at org.springframework.transaction.interceptor.TransactionAspectSupport.invokeWithinTransaction(TransactionAspectSupport.java:286) [spring-tx-4.3.9.RELEASE.jar:4.3.9.RELEASE]
	at org.springframework.transaction.interceptor.TransactionInterceptor.invoke(TransactionInterceptor.java:96) [spring-tx-4.3.9.RELEASE.jar:4.3.9.RELEASE]
	at org.springframework.aop.framework.ReflectiveMethodInvocation.proceed(ReflectiveMethodInvocation.java:179) [spring-aop-4.3.9.RELEASE.jar:4.3.9.RELEASE]
	at org.springframework.aop.interceptor.ExposeInvocationInterceptor.invoke(ExposeInvocationInterceptor.java:92) [spring-aop-4.3.9.RELEASE.jar:4.3.9.RELEASE]
	at org.springframework.aop.framework.ReflectiveMethodInvocation.proceed(ReflectiveMethodInvocation.java:179) [spring-aop-4.3.9.RELEASE.jar:4.3.9.RELEASE]
	at org.springframework.aop.framework.CglibAopProxy$DynamicAdvisedInterceptor.intercept(CglibAopProxy.java:673) [spring-aop-4.3.9.RELEASE.jar:4.3.9.RELEASE]
	at com.sunesoft.titan.voucher.application.querys.impl.StatisticQueryServiceImpl$$EnhancerBySpringCGLIB$$d35acf09.serviceEvaluateStatistics(<generated>) [classes/:?]
	at com.sunesoft.titan.voucher.application.querys.CompanyQueryServiceTest.query(CompanyQueryServiceTest.java:37) [test-classes/:?]
	at sun.reflect.NativeMethodAccessorImpl.invoke0(Native Method) ~[?:1.8.0_91]
	at sun.reflect.NativeMethodAccessorImpl.invoke(NativeMethodAccessorImpl.java:62) ~[?:1.8.0_91]
	at sun.reflect.DelegatingMethodAccessorImpl.invoke(DelegatingMethodAccessorImpl.java:43) ~[?:1.8.0_91]
	at java.lang.reflect.Method.invoke(Method.java:498) ~[?:1.8.0_91]
	at org.junit.runners.model.FrameworkMethod$1.runReflectiveCall(FrameworkMethod.java:50) [junit-4.12.jar:4.12]
	at org.junit.internal.runners.model.ReflectiveCallable.run(ReflectiveCallable.java:12) [junit-4.12.jar:4.12]
	at org.junit.runners.model.FrameworkMethod.invokeExplosively(FrameworkMethod.java:47) [junit-4.12.jar:4.12]
	at org.junit.internal.runners.statements.InvokeMethod.evaluate(InvokeMethod.java:17) [junit-4.12.jar:4.12]
	at org.springframework.test.context.junit4.statements.RunBeforeTestMethodCallbacks.evaluate(RunBeforeTestMethodCallbacks.java:75) [spring-test-4.3.9.RELEASE.jar:4.3.9.RELEASE]
	at org.springframework.test.context.junit4.statements.RunAfterTestMethodCallbacks.evaluate(RunAfterTestMethodCallbacks.java:86) [spring-test-4.3.9.RELEASE.jar:4.3.9.RELEASE]
	at org.springframework.test.context.junit4.statements.SpringRepeat.evaluate(SpringRepeat.java:84) [spring-test-4.3.9.RELEASE.jar:4.3.9.RELEASE]
	at org.junit.runners.ParentRunner.runLeaf(ParentRunner.java:325) [junit-4.12.jar:4.12]
	at org.springframework.test.context.junit4.SpringJUnit4ClassRunner.runChild(SpringJUnit4ClassRunner.java:252) [spring-test-4.3.9.RELEASE.jar:4.3.9.RELEASE]
	at org.springframework.test.context.junit4.SpringJUnit4ClassRunner.runChild(SpringJUnit4ClassRunner.java:94) [spring-test-4.3.9.RELEASE.jar:4.3.9.RELEASE]
	at org.junit.runners.ParentRunner$3.run(ParentRunner.java:290) [junit-4.12.jar:4.12]
	at org.junit.runners.ParentRunner$1.schedule(ParentRunner.java:71) [junit-4.12.jar:4.12]
	at org.junit.runners.ParentRunner.runChildren(ParentRunner.java:288) [junit-4.12.jar:4.12]
	at org.junit.runners.ParentRunner.access$000(ParentRunner.java:58) [junit-4.12.jar:4.12]
	at org.junit.runners.ParentRunner$2.evaluate(ParentRunner.java:268) [junit-4.12.jar:4.12]
	at org.springframework.test.context.junit4.statements.RunBeforeTestClassCallbacks.evaluate(RunBeforeTestClassCallbacks.java:61) [spring-test-4.3.9.RELEASE.jar:4.3.9.RELEASE]
	at org.springframework.test.context.junit4.statements.RunAfterTestClassCallbacks.evaluate(RunAfterTestClassCallbacks.java:70) [spring-test-4.3.9.RELEASE.jar:4.3.9.RELEASE]
	at org.junit.runners.ParentRunner.run(ParentRunner.java:363) [junit-4.12.jar:4.12]
	at org.springframework.test.context.junit4.SpringJUnit4ClassRunner.run(SpringJUnit4ClassRunner.java:191) [spring-test-4.3.9.RELEASE.jar:4.3.9.RELEASE]
	at org.junit.runner.JUnitCore.run(JUnitCore.java:137) [junit-4.12.jar:4.12]
	at com.intellij.junit4.JUnit4IdeaTestRunner.startRunnerWithArgs(JUnit4IdeaTestRunner.java:68) [junit-rt.jar:?]
	at com.intellij.rt.execution.junit.IdeaTestRunner$Repeater.startRunnerWithArgs(IdeaTestRunner.java:47) [junit-rt.jar:?]
	at com.intellij.rt.execution.junit.JUnitStarter.prepareStreamsAndStart(JUnitStarter.java:242) [junit-rt.jar:?]
	at com.intellij.rt.execution.junit.JUnitStarter.main(JUnitStarter.java:70) [junit-rt.jar:?]
Caused by: com.mysql.jdbc.exceptions.jdbc4.CommunicationsException: Communications link failure

The last packet successfully received from the server was 8,841,029 milliseconds ago.  The last packet sent successfully to the server was 8,841,045 milliseconds ago.
	at sun.reflect.NativeConstructorAccessorImpl.newInstance0(Native Method) ~[?:1.8.0_91]
	at sun.reflect.NativeConstructorAccessorImpl.newInstance(NativeConstructorAccessorImpl.java:62) ~[?:1.8.0_91]
	at sun.reflect.DelegatingConstructorAccessorImpl.newInstance(DelegatingConstructorAccessorImpl.java:45) ~[?:1.8.0_91]
	at java.lang.reflect.Constructor.newInstance(Constructor.java:423) ~[?:1.8.0_91]
	at com.mysql.jdbc.Util.handleNewInstance(Util.java:377) ~[mysql-connector-java-5.1.33.jar:5.1.33]
	at com.mysql.jdbc.SQLError.createCommunicationsException(SQLError.java:1036) ~[mysql-connector-java-5.1.33.jar:5.1.33]
	at com.mysql.jdbc.MysqlIO.send(MysqlIO.java:3661) ~[mysql-connector-java-5.1.33.jar:5.1.33]
	at com.mysql.jdbc.MysqlIO.sendCommand(MysqlIO.java:2417) ~[mysql-connector-java-5.1.33.jar:5.1.33]
	at com.mysql.jdbc.MysqlIO.sqlQueryDirect(MysqlIO.java:2582) ~[mysql-connector-java-5.1.33.jar:5.1.33]
	at com.mysql.jdbc.ConnectionImpl.execSQL(ConnectionImpl.java:2530) ~[mysql-connector-java-5.1.33.jar:5.1.33]
	at com.mysql.jdbc.PreparedStatement.executeInternal(PreparedStatement.java:1907) ~[mysql-connector-java-5.1.33.jar:5.1.33]
	at com.mysql.jdbc.PreparedStatement.executeQuery(PreparedStatement.java:2030) ~[mysql-connector-java-5.1.33.jar:5.1.33]
	at com.mchange.v2.c3p0.impl.NewProxyPreparedStatement.executeQuery(NewProxyPreparedStatement.java:353) ~[c3p0-0.9.5.2.jar:0.9.5.2]
	at org.hibernate.engine.jdbc.internal.ResultSetReturnImpl.extract(ResultSetReturnImpl.java:60) ~[hibernate-core-5.2.11.Final.jar:5.2.11.Final]
	at org.hibernate.loader.Loader.getResultSet(Loader.java:2178) ~[hibernate-core-5.2.11.Final.jar:5.2.11.Final]
	at org.hibernate.loader.Loader.executeQueryStatement(Loader.java:1941) ~[hibernate-core-5.2.11.Final.jar:5.2.11.Final]
	at org.hibernate.loader.Loader.executeQueryStatement(Loader.java:1903) ~[hibernate-core-5.2.11.Final.jar:5.2.11.Final]
	at org.hibernate.loader.Loader.doQuery(Loader.java:948) ~[hibernate-core-5.2.11.Final.jar:5.2.11.Final]
	at org.hibernate.loader.Loader.doQueryAndInitializeNonLazyCollections(Loader.java:351) ~[hibernate-core-5.2.11.Final.jar:5.2.11.Final]
	at org.hibernate.loader.Loader.doList(Loader.java:2702) ~[hibernate-core-5.2.11.Final.jar:5.2.11.Final]
	at org.hibernate.loader.Loader.doList(Loader.java:2685) ~[hibernate-core-5.2.11.Final.jar:5.2.11.Final]
	at org.hibernate.loader.Loader.listIgnoreQueryCache(Loader.java:2517) ~[hibernate-core-5.2.11.Final.jar:5.2.11.Final]
	at org.hibernate.loader.Loader.list(Loader.java:2512) ~[hibernate-core-5.2.11.Final.jar:5.2.11.Final]
	at org.hibernate.loader.custom.CustomLoader.list(CustomLoader.java:335) ~[hibernate-core-5.2.11.Final.jar:5.2.11.Final]
	at org.hibernate.internal.SessionImpl.listCustomQuery(SessionImpl.java:2162) ~[hibernate-core-5.2.11.Final.jar:5.2.11.Final]
	at org.hibernate.internal.AbstractSharedSessionContract.list(AbstractSharedSessionContract.java:1011) ~[hibernate-core-5.2.11.Final.jar:5.2.11.Final]
	at org.hibernate.query.internal.NativeQueryImpl.doList(NativeQueryImpl.java:152) ~[hibernate-core-5.2.11.Final.jar:5.2.11.Final]
	at org.hibernate.query.internal.AbstractProducedQuery.list(AbstractProducedQuery.java:1414) ~[hibernate-core-5.2.11.Final.jar:5.2.11.Final]
	at com.sunesoft.titan.hibernate.repository.GenericHibernateFinder.queryForObjects(GenericHibernateFinder.java:173) ~[titan-hibernate-support-1.0-SNAPSHOT.jar:?]
	at com.sunesoft.titan.hibernate.repository.GenericHibernateFinder.queryForObjects(GenericHibernateFinder.java:159) ~[titan-hibernate-support-1.0-SNAPSHOT.jar:?]
	at com.sunesoft.titan.voucher.application.querys.impl.StatisticQueryServiceImpl.serviceEvaluateStatistics(StatisticQueryServiceImpl.java:125) ~[classes/:?]
	at com.sunesoft.titan.voucher.application.querys.impl.StatisticQueryServiceImpl$$FastClassBySpringCGLIB$$8af3c894.invoke(<generated>) ~[classes/:?]
	at org.springframework.cglib.proxy.MethodProxy.invoke(MethodProxy.java:204) ~[spring-core-4.3.9.RELEASE.jar:4.3.9.RELEASE]
	at org.springframework.aop.framework.CglibAopProxy$CglibMethodInvocation.invokeJoinpoint(CglibAopProxy.java:738) ~[spring-aop-4.3.9.RELEASE.jar:4.3.9.RELEASE]
	at org.springframework.aop.framework.ReflectiveMethodInvocation.proceed(ReflectiveMethodInvocation.java:157) ~[spring-aop-4.3.9.RELEASE.jar:4.3.9.RELEASE]
	at org.springframework.transaction.interceptor.TransactionInterceptor$1.proceedWithInvocation(TransactionInterceptor.java:99) ~[spring-tx-4.3.9.RELEASE.jar:4.3.9.RELEASE]
	at org.springframework.transaction.interceptor.TransactionAspectSupport.invokeWithinTransaction(TransactionAspectSupport.java:282) ~[spring-tx-4.3.9.RELEASE.jar:4.3.9.RELEASE]
	... 35 more
Caused by: java.net.SocketException: Connection reset by peer: socket write error
	at java.net.SocketOutputStream.socketWrite0(Native Method) ~[?:1.8.0_91]
	at java.net.SocketOutputStream.socketWrite(SocketOutputStream.java:109) ~[?:1.8.0_91]
	at java.net.SocketOutputStream.write(SocketOutputStream.java:153) ~[?:1.8.0_91]
	at java.io.BufferedOutputStream.flushBuffer(BufferedOutputStream.java:82) ~[?:1.8.0_91]
	at java.io.BufferedOutputStream.flush(BufferedOutputStream.java:140) ~[?:1.8.0_91]
	at com.mysql.jdbc.MysqlIO.send(MysqlIO.java:3643) ~[mysql-connector-java-5.1.33.jar:5.1.33]
	at com.mysql.jdbc.MysqlIO.sendCommand(MysqlIO.java:2417) ~[mysql-connector-java-5.1.33.jar:5.1.33]
	at com.mysql.jdbc.MysqlIO.sqlQueryDirect(MysqlIO.java:2582) ~[mysql-connector-java-5.1.33.jar:5.1.33]
	at com.mysql.jdbc.ConnectionImpl.execSQL(ConnectionImpl.java:2530) ~[mysql-connector-java-5.1.33.jar:5.1.33]
	at com.mysql.jdbc.PreparedStatement.executeInternal(PreparedStatement.java:1907) ~[mysql-connector-java-5.1.33.jar:5.1.33]
	at com.mysql.jdbc.PreparedStatement.executeQuery(PreparedStatement.java:2030) ~[mysql-connector-java-5.1.33.jar:5.1.33]
	at com.mchange.v2.c3p0.impl.NewProxyPreparedStatement.executeQuery(NewProxyPreparedStatement.java:353) ~[c3p0-0.9.5.2.jar:0.9.5.2]
	at org.hibernate.engine.jdbc.internal.ResultSetReturnImpl.extract(ResultSetReturnImpl.java:60) ~[hibernate-core-5.2.11.Final.jar:5.2.11.Final]
	at org.hibernate.loader.Loader.getResultSet(Loader.java:2178) ~[hibernate-core-5.2.11.Final.jar:5.2.11.Final]
	at org.hibernate.loader.Loader.executeQueryStatement(Loader.java:1941) ~[hibernate-core-5.2.11.Final.jar:5.2.11.Final]
	at org.hibernate.loader.Loader.executeQueryStatement(Loader.java:1903) ~[hibernate-core-5.2.11.Final.jar:5.2.11.Final]
	at org.hibernate.loader.Loader.doQuery(Loader.java:948) ~[hibernate-core-5.2.11.Final.jar:5.2.11.Final]
	at org.hibernate.loader.Loader.doQueryAndInitializeNonLazyCollections(Loader.java:351) ~[hibernate-core-5.2.11.Final.jar:5.2.11.Final]
	at org.hibernate.loader.Loader.doList(Loader.java:2702) ~[hibernate-core-5.2.11.Final.jar:5.2.11.Final]
	at org.hibernate.loader.Loader.doList(Loader.java:2685) ~[hibernate-core-5.2.11.Final.jar:5.2.11.Final]
	at org.hibernate.loader.Loader.listIgnoreQueryCache(Loader.java:2517) ~[hibernate-core-5.2.11.Final.jar:5.2.11.Final]
	at org.hibernate.loader.Loader.list(Loader.java:2512) ~[hibernate-core-5.2.11.Final.jar:5.2.11.Final]
	at org.hibernate.loader.custom.CustomLoader.list(CustomLoader.java:335) ~[hibernate-core-5.2.11.Final.jar:5.2.11.Final]
	at org.hibernate.internal.SessionImpl.listCustomQuery(SessionImpl.java:2162) ~[hibernate-core-5.2.11.Final.jar:5.2.11.Final]
	at org.hibernate.internal.AbstractSharedSessionContract.list(AbstractSharedSessionContract.java:1011) ~[hibernate-core-5.2.11.Final.jar:5.2.11.Final]
	at org.hibernate.query.internal.NativeQueryImpl.doList(NativeQueryImpl.java:152) ~[hibernate-core-5.2.11.Final.jar:5.2.11.Final]
	at org.hibernate.query.internal.AbstractProducedQuery.list(AbstractProducedQuery.java:1414) ~[hibernate-core-5.2.11.Final.jar:5.2.11.Final]
	at com.sunesoft.titan.hibernate.repository.GenericHibernateFinder.queryForObjects(GenericHibernateFinder.java:173) ~[titan-hibernate-support-1.0-SNAPSHOT.jar:?]
	at com.sunesoft.titan.hibernate.repository.GenericHibernateFinder.queryForObjects(GenericHibernateFinder.java:159) ~[titan-hibernate-support-1.0-SNAPSHOT.jar:?]
	at com.sunesoft.titan.voucher.application.querys.impl.StatisticQueryServiceImpl.serviceEvaluateStatistics(StatisticQueryServiceImpl.java:125) ~[classes/:?]
	at com.sunesoft.titan.voucher.application.querys.impl.StatisticQueryServiceImpl$$FastClassBySpringCGLIB$$8af3c894.invoke(<generated>) ~[classes/:?]
	at org.springframework.cglib.proxy.MethodProxy.invoke(MethodProxy.java:204) ~[spring-core-4.3.9.RELEASE.jar:4.3.9.RELEASE]
	at org.springframework.aop.framework.CglibAopProxy$CglibMethodInvocation.invokeJoinpoint(CglibAopProxy.java:738) ~[spring-aop-4.3.9.RELEASE.jar:4.3.9.RELEASE]
	at org.springframework.aop.framework.ReflectiveMethodInvocation.proceed(ReflectiveMethodInvocation.java:157) ~[spring-aop-4.3.9.RELEASE.jar:4.3.9.RELEASE]
	at org.springframework.transaction.interceptor.TransactionInterceptor$1.proceedWithInvocation(TransactionInterceptor.java:99) ~[spring-tx-4.3.9.RELEASE.jar:4.3.9.RELEASE]
	at org.springframework.transaction.interceptor.TransactionAspectSupport.invokeWithinTransaction(TransactionAspectSupport.java:282) ~[spring-tx-4.3.9.RELEASE.jar:4.3.9.RELEASE]
	... 35 more
 - location: com.mchange.v2.log.slf4j.Slf4jMLog$Slf4jMLogger$WarnLogger 223 log 
2017-11-30 14:03:35 ERROR org.springframework.transaction.interceptor.TransactionInterceptor [main] - Application exception overridden by rollback exception javax.persistence.PersistenceException: org.hibernate.exception.JDBCConnectionException: could not extract ResultSet
	at org.hibernate.internal.ExceptionConverterImpl.convert(ExceptionConverterImpl.java:149) ~[hibernate-core-5.2.11.Final.jar:5.2.11.Final]
	at org.hibernate.internal.ExceptionConverterImpl.convert(ExceptionConverterImpl.java:157) ~[hibernate-core-5.2.11.Final.jar:5.2.11.Final]
	at org.hibernate.query.internal.AbstractProducedQuery.list(AbstractProducedQuery.java:1423) ~[hibernate-core-5.2.11.Final.jar:5.2.11.Final]
	at com.sunesoft.titan.hibernate.repository.GenericHibernateFinder.queryForObjects(GenericHibernateFinder.java:173) ~[titan-hibernate-support-1.0-SNAPSHOT.jar:?]
	at com.sunesoft.titan.hibernate.repository.GenericHibernateFinder.queryForObjects(GenericHibernateFinder.java:159) ~[titan-hibernate-support-1.0-SNAPSHOT.jar:?]
	at com.sunesoft.titan.voucher.application.querys.impl.StatisticQueryServiceImpl.serviceEvaluateStatistics(StatisticQueryServiceImpl.java:125) ~[classes/:?]
	at com.sunesoft.titan.voucher.application.querys.impl.StatisticQueryServiceImpl$$FastClassBySpringCGLIB$$8af3c894.invoke(<generated>) ~[classes/:?]
	at org.springframework.cglib.proxy.MethodProxy.invoke(MethodProxy.java:204) ~[spring-core-4.3.9.RELEASE.jar:4.3.9.RELEASE]
	at org.springframework.aop.framework.CglibAopProxy$CglibMethodInvocation.invokeJoinpoint(CglibAopProxy.java:738) ~[spring-aop-4.3.9.RELEASE.jar:4.3.9.RELEASE]
	at org.springframework.aop.framework.ReflectiveMethodInvocation.proceed(ReflectiveMethodInvocation.java:157) ~[spring-aop-4.3.9.RELEASE.jar:4.3.9.RELEASE]
	at org.springframework.transaction.interceptor.TransactionInterceptor$1.proceedWithInvocation(TransactionInterceptor.java:99) ~[spring-tx-4.3.9.RELEASE.jar:4.3.9.RELEASE]
	at org.springframework.transaction.interceptor.TransactionAspectSupport.invokeWithinTransaction(TransactionAspectSupport.java:282) [spring-tx-4.3.9.RELEASE.jar:4.3.9.RELEASE]
	at org.springframework.transaction.interceptor.TransactionInterceptor.invoke(TransactionInterceptor.java:96) [spring-tx-4.3.9.RELEASE.jar:4.3.9.RELEASE]
	at org.springframework.aop.framework.ReflectiveMethodInvocation.proceed(ReflectiveMethodInvocation.java:179) [spring-aop-4.3.9.RELEASE.jar:4.3.9.RELEASE]
	at org.springframework.aop.interceptor.ExposeInvocationInterceptor.invoke(ExposeInvocationInterceptor.java:92) [spring-aop-4.3.9.RELEASE.jar:4.3.9.RELEASE]
	at org.springframework.aop.framework.ReflectiveMethodInvocation.proceed(ReflectiveMethodInvocation.java:179) [spring-aop-4.3.9.RELEASE.jar:4.3.9.RELEASE]
	at org.springframework.aop.framework.CglibAopProxy$DynamicAdvisedInterceptor.intercept(CglibAopProxy.java:673) [spring-aop-4.3.9.RELEASE.jar:4.3.9.RELEASE]
	at com.sunesoft.titan.voucher.application.querys.impl.StatisticQueryServiceImpl$$EnhancerBySpringCGLIB$$d35acf09.serviceEvaluateStatistics(<generated>) [classes/:?]
	at com.sunesoft.titan.voucher.application.querys.CompanyQueryServiceTest.query(CompanyQueryServiceTest.java:37) [test-classes/:?]
	at sun.reflect.NativeMethodAccessorImpl.invoke0(Native Method) ~[?:1.8.0_91]
	at sun.reflect.NativeMethodAccessorImpl.invoke(NativeMethodAccessorImpl.java:62) ~[?:1.8.0_91]
	at sun.reflect.DelegatingMethodAccessorImpl.invoke(DelegatingMethodAccessorImpl.java:43) ~[?:1.8.0_91]
	at java.lang.reflect.Method.invoke(Method.java:498) ~[?:1.8.0_91]
	at org.junit.runners.model.FrameworkMethod$1.runReflectiveCall(FrameworkMethod.java:50) [junit-4.12.jar:4.12]
	at org.junit.internal.runners.model.ReflectiveCallable.run(ReflectiveCallable.java:12) [junit-4.12.jar:4.12]
	at org.junit.runners.model.FrameworkMethod.invokeExplosively(FrameworkMethod.java:47) [junit-4.12.jar:4.12]
	at org.junit.internal.runners.statements.InvokeMethod.evaluate(InvokeMethod.java:17) [junit-4.12.jar:4.12]
	at org.springframework.test.context.junit4.statements.RunBeforeTestMethodCallbacks.evaluate(RunBeforeTestMethodCallbacks.java:75) [spring-test-4.3.9.RELEASE.jar:4.3.9.RELEASE]
	at org.springframework.test.context.junit4.statements.RunAfterTestMethodCallbacks.evaluate(RunAfterTestMethodCallbacks.java:86) [spring-test-4.3.9.RELEASE.jar:4.3.9.RELEASE]
	at org.springframework.test.context.junit4.statements.SpringRepeat.evaluate(SpringRepeat.java:84) [spring-test-4.3.9.RELEASE.jar:4.3.9.RELEASE]
	at org.junit.runners.ParentRunner.runLeaf(ParentRunner.java:325) [junit-4.12.jar:4.12]
	at org.springframework.test.context.junit4.SpringJUnit4ClassRunner.runChild(SpringJUnit4ClassRunner.java:252) [spring-test-4.3.9.RELEASE.jar:4.3.9.RELEASE]
	at org.springframework.test.context.junit4.SpringJUnit4ClassRunner.runChild(SpringJUnit4ClassRunner.java:94) [spring-test-4.3.9.RELEASE.jar:4.3.9.RELEASE]
	at org.junit.runners.ParentRunner$3.run(ParentRunner.java:290) [junit-4.12.jar:4.12]
	at org.junit.runners.ParentRunner$1.schedule(ParentRunner.java:71) [junit-4.12.jar:4.12]
	at org.junit.runners.ParentRunner.runChildren(ParentRunner.java:288) [junit-4.12.jar:4.12]
	at org.junit.runners.ParentRunner.access$000(ParentRunner.java:58) [junit-4.12.jar:4.12]
	at org.junit.runners.ParentRunner$2.evaluate(ParentRunner.java:268) [junit-4.12.jar:4.12]
	at org.springframework.test.context.junit4.statements.RunBeforeTestClassCallbacks.evaluate(RunBeforeTestClassCallbacks.java:61) [spring-test-4.3.9.RELEASE.jar:4.3.9.RELEASE]
	at org.springframework.test.context.junit4.statements.RunAfterTestClassCallbacks.evaluate(RunAfterTestClassCallbacks.java:70) [spring-test-4.3.9.RELEASE.jar:4.3.9.RELEASE]
	at org.junit.runners.ParentRunner.run(ParentRunner.java:363) [junit-4.12.jar:4.12]
	at org.springframework.test.context.junit4.SpringJUnit4ClassRunner.run(SpringJUnit4ClassRunner.java:191) [spring-test-4.3.9.RELEASE.jar:4.3.9.RELEASE]
	at org.junit.runner.JUnitCore.run(JUnitCore.java:137) [junit-4.12.jar:4.12]
	at com.intellij.junit4.JUnit4IdeaTestRunner.startRunnerWithArgs(JUnit4IdeaTestRunner.java:68) [junit-rt.jar:?]
	at com.intellij.rt.execution.junit.IdeaTestRunner$Repeater.startRunnerWithArgs(IdeaTestRunner.java:47) [junit-rt.jar:?]
	at com.intellij.rt.execution.junit.JUnitStarter.prepareStreamsAndStart(JUnitStarter.java:242) [junit-rt.jar:?]
	at com.intellij.rt.execution.junit.JUnitStarter.main(JUnitStarter.java:70) [junit-rt.jar:?]
Caused by: org.hibernate.exception.JDBCConnectionException: could not extract ResultSet
	at org.hibernate.exception.internal.SQLStateConversionDelegate.convert(SQLStateConversionDelegate.java:115) ~[hibernate-core-5.2.11.Final.jar:5.2.11.Final]
	at org.hibernate.exception.internal.StandardSQLExceptionConverter.convert(StandardSQLExceptionConverter.java:42) ~[hibernate-core-5.2.11.Final.jar:5.2.11.Final]
	at org.hibernate.engine.jdbc.spi.SqlExceptionHelper.convert(SqlExceptionHelper.java:111) ~[hibernate-core-5.2.11.Final.jar:5.2.11.Final]
	at org.hibernate.engine.jdbc.spi.SqlExceptionHelper.convert(SqlExceptionHelper.java:97) ~[hibernate-core-5.2.11.Final.jar:5.2.11.Final]
	at org.hibernate.engine.jdbc.internal.ResultSetReturnImpl.extract(ResultSetReturnImpl.java:69) ~[hibernate-core-5.2.11.Final.jar:5.2.11.Final]
	at org.hibernate.loader.Loader.getResultSet(Loader.java:2178) ~[hibernate-core-5.2.11.Final.jar:5.2.11.Final]
	at org.hibernate.loader.Loader.executeQueryStatement(Loader.java:1941) ~[hibernate-core-5.2.11.Final.jar:5.2.11.Final]
	at org.hibernate.loader.Loader.executeQueryStatement(Loader.java:1903) ~[hibernate-core-5.2.11.Final.jar:5.2.11.Final]
	at org.hibernate.loader.Loader.doQuery(Loader.java:948) ~[hibernate-core-5.2.11.Final.jar:5.2.11.Final]
	at org.hibernate.loader.Loader.doQueryAndInitializeNonLazyCollections(Loader.java:351) ~[hibernate-core-5.2.11.Final.jar:5.2.11.Final]
	at org.hibernate.loader.Loader.doList(Loader.java:2702) ~[hibernate-core-5.2.11.Final.jar:5.2.11.Final]
	at org.hibernate.loader.Loader.doList(Loader.java:2685) ~[hibernate-core-5.2.11.Final.jar:5.2.11.Final]
	at org.hibernate.loader.Loader.listIgnoreQueryCache(Loader.java:2517) ~[hibernate-core-5.2.11.Final.jar:5.2.11.Final]
	at org.hibernate.loader.Loader.list(Loader.java:2512) ~[hibernate-core-5.2.11.Final.jar:5.2.11.Final]
	at org.hibernate.loader.custom.CustomLoader.list(CustomLoader.java:335) ~[hibernate-core-5.2.11.Final.jar:5.2.11.Final]
	at org.hibernate.internal.SessionImpl.listCustomQuery(SessionImpl.java:2162) ~[hibernate-core-5.2.11.Final.jar:5.2.11.Final]
	at org.hibernate.internal.AbstractSharedSessionContract.list(AbstractSharedSessionContract.java:1011) ~[hibernate-core-5.2.11.Final.jar:5.2.11.Final]
	at org.hibernate.query.internal.NativeQueryImpl.doList(NativeQueryImpl.java:152) ~[hibernate-core-5.2.11.Final.jar:5.2.11.Final]
	at org.hibernate.query.internal.AbstractProducedQuery.list(AbstractProducedQuery.java:1414) ~[hibernate-core-5.2.11.Final.jar:5.2.11.Final]
	... 44 more
Caused by: com.mysql.jdbc.exceptions.jdbc4.CommunicationsException: Communications link failure

The last packet successfully received from the server was 8,841,029 milliseconds ago.  The last packet sent successfully to the server was 8,841,045 milliseconds ago.
	at sun.reflect.NativeConstructorAccessorImpl.newInstance0(Native Method) ~[?:1.8.0_91]
	at sun.reflect.NativeConstructorAccessorImpl.newInstance(NativeConstructorAccessorImpl.java:62) ~[?:1.8.0_91]
	at sun.reflect.DelegatingConstructorAccessorImpl.newInstance(DelegatingConstructorAccessorImpl.java:45) ~[?:1.8.0_91]
	at java.lang.reflect.Constructor.newInstance(Constructor.java:423) ~[?:1.8.0_91]
	at com.mysql.jdbc.Util.handleNewInstance(Util.java:377) ~[mysql-connector-java-5.1.33.jar:5.1.33]
	at com.mysql.jdbc.SQLError.createCommunicationsException(SQLError.java:1036) ~[mysql-connector-java-5.1.33.jar:5.1.33]
	at com.mysql.jdbc.MysqlIO.send(MysqlIO.java:3661) ~[mysql-connector-java-5.1.33.jar:5.1.33]
	at com.mysql.jdbc.MysqlIO.sendCommand(MysqlIO.java:2417) ~[mysql-connector-java-5.1.33.jar:5.1.33]
	at com.mysql.jdbc.MysqlIO.sqlQueryDirect(MysqlIO.java:2582) ~[mysql-connector-java-5.1.33.jar:5.1.33]
	at com.mysql.jdbc.ConnectionImpl.execSQL(ConnectionImpl.java:2530) ~[mysql-connector-java-5.1.33.jar:5.1.33]
	at com.mysql.jdbc.PreparedStatement.executeInternal(PreparedStatement.java:1907) ~[mysql-connector-java-5.1.33.jar:5.1.33]
	at com.mysql.jdbc.PreparedStatement.executeQuery(PreparedStatement.java:2030) ~[mysql-connector-java-5.1.33.jar:5.1.33]
	at com.mchange.v2.c3p0.impl.NewProxyPreparedStatement.executeQuery(NewProxyPreparedStatement.java:353) ~[c3p0-0.9.5.2.jar:0.9.5.2]
	at org.hibernate.engine.jdbc.internal.ResultSetReturnImpl.extract(ResultSetReturnImpl.java:60) ~[hibernate-core-5.2.11.Final.jar:5.2.11.Final]
	at org.hibernate.loader.Loader.getResultSet(Loader.java:2178) ~[hibernate-core-5.2.11.Final.jar:5.2.11.Final]
	at org.hibernate.loader.Loader.executeQueryStatement(Loader.java:1941) ~[hibernate-core-5.2.11.Final.jar:5.2.11.Final]
	at org.hibernate.loader.Loader.executeQueryStatement(Loader.java:1903) ~[hibernate-core-5.2.11.Final.jar:5.2.11.Final]
	at org.hibernate.loader.Loader.doQuery(Loader.java:948) ~[hibernate-core-5.2.11.Final.jar:5.2.11.Final]
	at org.hibernate.loader.Loader.doQueryAndInitializeNonLazyCollections(Loader.java:351) ~[hibernate-core-5.2.11.Final.jar:5.2.11.Final]
	at org.hibernate.loader.Loader.doList(Loader.java:2702) ~[hibernate-core-5.2.11.Final.jar:5.2.11.Final]
	at org.hibernate.loader.Loader.doList(Loader.java:2685) ~[hibernate-core-5.2.11.Final.jar:5.2.11.Final]
	at org.hibernate.loader.Loader.listIgnoreQueryCache(Loader.java:2517) ~[hibernate-core-5.2.11.Final.jar:5.2.11.Final]
	at org.hibernate.loader.Loader.list(Loader.java:2512) ~[hibernate-core-5.2.11.Final.jar:5.2.11.Final]
	at org.hibernate.loader.custom.CustomLoader.list(CustomLoader.java:335) ~[hibernate-core-5.2.11.Final.jar:5.2.11.Final]
	at org.hibernate.internal.SessionImpl.listCustomQuery(SessionImpl.java:2162) ~[hibernate-core-5.2.11.Final.jar:5.2.11.Final]
	at org.hibernate.internal.AbstractSharedSessionContract.list(AbstractSharedSessionContract.java:1011) ~[hibernate-core-5.2.11.Final.jar:5.2.11.Final]
	at org.hibernate.query.internal.NativeQueryImpl.doList(NativeQueryImpl.java:152) ~[hibernate-core-5.2.11.Final.jar:5.2.11.Final]
	at org.hibernate.query.internal.AbstractProducedQuery.list(AbstractProducedQuery.java:1414) ~[hibernate-core-5.2.11.Final.jar:5.2.11.Final]
	... 44 more
Caused by: java.net.SocketException: Connection reset by peer: socket write error
	at java.net.SocketOutputStream.socketWrite0(Native Method) ~[?:1.8.0_91]
	at java.net.SocketOutputStream.socketWrite(SocketOutputStream.java:109) ~[?:1.8.0_91]
	at java.net.SocketOutputStream.write(SocketOutputStream.java:153) ~[?:1.8.0_91]
	at java.io.BufferedOutputStream.flushBuffer(BufferedOutputStream.java:82) ~[?:1.8.0_91]
	at java.io.BufferedOutputStream.flush(BufferedOutputStream.java:140) ~[?:1.8.0_91]
	at com.mysql.jdbc.MysqlIO.send(MysqlIO.java:3643) ~[mysql-connector-java-5.1.33.jar:5.1.33]
	at com.mysql.jdbc.MysqlIO.sendCommand(MysqlIO.java:2417) ~[mysql-connector-java-5.1.33.jar:5.1.33]
	at com.mysql.jdbc.MysqlIO.sqlQueryDirect(MysqlIO.java:2582) ~[mysql-connector-java-5.1.33.jar:5.1.33]
	at com.mysql.jdbc.ConnectionImpl.execSQL(ConnectionImpl.java:2530) ~[mysql-connector-java-5.1.33.jar:5.1.33]
	at com.mysql.jdbc.PreparedStatement.executeInternal(PreparedStatement.java:1907) ~[mysql-connector-java-5.1.33.jar:5.1.33]
	at com.mysql.jdbc.PreparedStatement.executeQuery(PreparedStatement.java:2030) ~[mysql-connector-java-5.1.33.jar:5.1.33]
	at com.mchange.v2.c3p0.impl.NewProxyPreparedStatement.executeQuery(NewProxyPreparedStatement.java:353) ~[c3p0-0.9.5.2.jar:0.9.5.2]
	at org.hibernate.engine.jdbc.internal.ResultSetReturnImpl.extract(ResultSetReturnImpl.java:60) ~[hibernate-core-5.2.11.Final.jar:5.2.11.Final]
	at org.hibernate.loader.Loader.getResultSet(Loader.java:2178) ~[hibernate-core-5.2.11.Final.jar:5.2.11.Final]
	at org.hibernate.loader.Loader.executeQueryStatement(Loader.java:1941) ~[hibernate-core-5.2.11.Final.jar:5.2.11.Final]
	at org.hibernate.loader.Loader.executeQueryStatement(Loader.java:1903) ~[hibernate-core-5.2.11.Final.jar:5.2.11.Final]
	at org.hibernate.loader.Loader.doQuery(Loader.java:948) ~[hibernate-core-5.2.11.Final.jar:5.2.11.Final]
	at org.hibernate.loader.Loader.doQueryAndInitializeNonLazyCollections(Loader.java:351) ~[hibernate-core-5.2.11.Final.jar:5.2.11.Final]
	at org.hibernate.loader.Loader.doList(Loader.java:2702) ~[hibernate-core-5.2.11.Final.jar:5.2.11.Final]
	at org.hibernate.loader.Loader.doList(Loader.java:2685) ~[hibernate-core-5.2.11.Final.jar:5.2.11.Final]
	at org.hibernate.loader.Loader.listIgnoreQueryCache(Loader.java:2517) ~[hibernate-core-5.2.11.Final.jar:5.2.11.Final]
	at org.hibernate.loader.Loader.list(Loader.java:2512) ~[hibernate-core-5.2.11.Final.jar:5.2.11.Final]
	at org.hibernate.loader.custom.CustomLoader.list(CustomLoader.java:335) ~[hibernate-core-5.2.11.Final.jar:5.2.11.Final]
	at org.hibernate.internal.SessionImpl.listCustomQuery(SessionImpl.java:2162) ~[hibernate-core-5.2.11.Final.jar:5.2.11.Final]
	at org.hibernate.internal.AbstractSharedSessionContract.list(AbstractSharedSessionContract.java:1011) ~[hibernate-core-5.2.11.Final.jar:5.2.11.Final]
	at org.hibernate.query.internal.NativeQueryImpl.doList(NativeQueryImpl.java:152) ~[hibernate-core-5.2.11.Final.jar:5.2.11.Final]
	at org.hibernate.query.internal.AbstractProducedQuery.list(AbstractProducedQuery.java:1414) ~[hibernate-core-5.2.11.Final.jar:5.2.11.Final]
	... 44 more
 - location: org.springframework.transaction.interceptor.TransactionAspectSupport 525 completeTransactionAfterThrowing 
